{"/workspaces/Salah-Slots/src/lambda/SalahSlotsCalendar/formatTime/formatTime.js": {"path":"/workspaces/Salah-Slots/src/lambda/SalahSlotsCalendar/formatTime/formatTime.js","statementMap":{"0":{"start":{"line":2,"column":0},"end":{"line":2,"column":62}},"1":{"start":{"line":3,"column":0},"end":{"line":3,"column":28}},"2":{"start":{"line":4,"column":17},"end":{"line":19,"column":1}},"3":{"start":{"line":5,"column":2},"end":{"line":7,"column":3}},"4":{"start":{"line":6,"column":4},"end":{"line":6,"column":16}},"5":{"start":{"line":8,"column":2},"end":{"line":10,"column":3}},"6":{"start":{"line":9,"column":4},"end":{"line":9,"column":34}},"7":{"start":{"line":11,"column":11},"end":{"line":11,"column":26}},"8":{"start":{"line":12,"column":12},"end":{"line":12,"column":17}},"9":{"start":{"line":13,"column":14},"end":{"line":13,"column":19}},"10":{"start":{"line":14,"column":2},"end":{"line":14,"column":40}},"11":{"start":{"line":15,"column":2},"end":{"line":17,"column":3}},"12":{"start":{"line":16,"column":4},"end":{"line":16,"column":39}},"13":{"start":{"line":18,"column":2},"end":{"line":18,"column":47}},"14":{"start":{"line":20,"column":0},"end":{"line":20,"column":32}}},"fnMap":{"0":{"name":"(anonymous_0)","decl":{"start":{"line":4,"column":17},"end":{"line":4,"column":18}},"loc":{"start":{"line":4,"column":50},"end":{"line":19,"column":1}},"line":4}},"branchMap":{"0":{"loc":{"start":{"line":5,"column":2},"end":{"line":7,"column":3}},"type":"if","locations":[{"start":{"line":5,"column":2},"end":{"line":7,"column":3}},{"start":{},"end":{}}],"line":5},"1":{"loc":{"start":{"line":8,"column":2},"end":{"line":10,"column":3}},"type":"if","locations":[{"start":{"line":8,"column":2},"end":{"line":10,"column":3}},{"start":{},"end":{}}],"line":8},"2":{"loc":{"start":{"line":14,"column":10},"end":{"line":14,"column":39}},"type":"cond-expr","locations":[{"start":{"line":14,"column":27},"end":{"line":14,"column":31}},{"start":{"line":14,"column":34},"end":{"line":14,"column":39}}],"line":14},"3":{"loc":{"start":{"line":15,"column":2},"end":{"line":17,"column":3}},"type":"if","locations":[{"start":{"line":15,"column":2},"end":{"line":17,"column":3}},{"start":{},"end":{}}],"line":15}},"s":{"0":2,"1":2,"2":2,"3":9,"4":6,"5":9,"6":2,"7":7,"8":7,"9":7,"10":7,"11":7,"12":7,"13":7,"14":2},"f":{"0":9},"b":{"0":[6,3],"1":[2,7],"2":[2,5],"3":[7,0]},"inputSourceMap":null,"_coverageSchema":"1a1c01bbd47fc00a2c39e90264f33305004495a9","hash":"cda2d5e8527daf7ac83223bb90ea29343d69de2f"}
,"/workspaces/Salah-Slots/src/lambda/SalahSlotsCalendar/formatTime/index.js": {"path":"/workspaces/Salah-Slots/src/lambda/SalahSlotsCalendar/formatTime/index.js","statementMap":{"0":{"start":{"line":3,"column":2},"end":{"line":24,"column":8}},"1":{"start":{"line":6,"column":8},"end":{"line":6,"column":37}},"2":{"start":{"line":6,"column":30},"end":{"line":6,"column":37}},"3":{"start":{"line":7,"column":19},"end":{"line":7,"column":56}},"4":{"start":{"line":8,"column":8},"end":{"line":18,"column":9}},"5":{"start":{"line":12,"column":10},"end":{"line":17,"column":12}},"6":{"start":{"line":15,"column":14},"end":{"line":15,"column":26}},"7":{"start":{"line":19,"column":8},"end":{"line":19,"column":43}},"8":{"start":{"line":22,"column":8},"end":{"line":22,"column":37}},"9":{"start":{"line":22,"column":30},"end":{"line":22,"column":37}},"10":{"start":{"line":23,"column":8},"end":{"line":23,"column":21}},"11":{"start":{"line":26,"column":2},"end":{"line":31,"column":3}},"12":{"start":{"line":28,"column":4},"end":{"line":30,"column":39}},"13":{"start":{"line":29,"column":6},"end":{"line":30,"column":39}},"14":{"start":{"line":30,"column":8},"end":{"line":30,"column":39}},"15":{"start":{"line":32,"column":0},"end":{"line":32,"column":62}},"16":{"start":{"line":33,"column":0},"end":{"line":33,"column":47}}},"fnMap":{"0":{"name":"(anonymous_0)","decl":{"start":{"line":5,"column":6},"end":{"line":5,"column":7}},"loc":{"start":{"line":5,"column":29},"end":{"line":20,"column":7}},"line":5},"1":{"name":"(anonymous_1)","decl":{"start":{"line":14,"column":17},"end":{"line":14,"column":18}},"loc":{"start":{"line":14,"column":29},"end":{"line":16,"column":13}},"line":14},"2":{"name":"(anonymous_2)","decl":{"start":{"line":21,"column":6},"end":{"line":21,"column":7}},"loc":{"start":{"line":21,"column":29},"end":{"line":24,"column":7}},"line":21},"3":{"name":"(anonymous_3)","decl":{"start":{"line":27,"column":2},"end":{"line":27,"column":3}},"loc":{"start":{"line":27,"column":24},"end":{"line":31,"column":3}},"line":27}},"branchMap":{"0":{"loc":{"start":{"line":3,"column":2},"end":{"line":24,"column":8}},"type":"binary-expr","locations":[{"start":{"line":3,"column":3},"end":{"line":3,"column":7}},{"start":{"line":3,"column":11},"end":{"line":3,"column":31}},{"start":{"line":4,"column":3},"end":{"line":24,"column":7}}],"line":3},"1":{"loc":{"start":{"line":4,"column":3},"end":{"line":24,"column":7}},"type":"cond-expr","locations":[{"start":{"line":5,"column":6},"end":{"line":20,"column":7}},{"start":{"line":21,"column":6},"end":{"line":24,"column":7}}],"line":4},"2":{"loc":{"start":{"line":6,"column":8},"end":{"line":6,"column":37}},"type":"if","locations":[{"start":{"line":6,"column":8},"end":{"line":6,"column":37}},{"start":{},"end":{}}],"line":6},"3":{"loc":{"start":{"line":8,"column":8},"end":{"line":18,"column":9}},"type":"if","locations":[{"start":{"line":8,"column":8},"end":{"line":18,"column":9}},{"start":{},"end":{}}],"line":8},"4":{"loc":{"start":{"line":9,"column":10},"end":{"line":10,"column":78}},"type":"binary-expr","locations":[{"start":{"line":9,"column":10},"end":{"line":9,"column":15}},{"start":{"line":10,"column":11},"end":{"line":10,"column":77}}],"line":9},"5":{"loc":{"start":{"line":10,"column":11},"end":{"line":10,"column":77}},"type":"cond-expr","locations":[{"start":{"line":10,"column":27},"end":{"line":10,"column":40}},{"start":{"line":10,"column":43},"end":{"line":10,"column":77}}],"line":10},"6":{"loc":{"start":{"line":10,"column":43},"end":{"line":10,"column":77}},"type":"binary-expr","locations":[{"start":{"line":10,"column":43},"end":{"line":10,"column":56}},{"start":{"line":10,"column":60},"end":{"line":10,"column":77}}],"line":10},"7":{"loc":{"start":{"line":22,"column":8},"end":{"line":22,"column":37}},"type":"if","locations":[{"start":{"line":22,"column":8},"end":{"line":22,"column":37}},{"start":{},"end":{}}],"line":22},"8":{"loc":{"start":{"line":26,"column":2},"end":{"line":31,"column":3}},"type":"binary-expr","locations":[{"start":{"line":26,"column":3},"end":{"line":26,"column":7}},{"start":{"line":26,"column":11},"end":{"line":26,"column":28}},{"start":{"line":27,"column":2},"end":{"line":31,"column":3}}],"line":26},"9":{"loc":{"start":{"line":29,"column":6},"end":{"line":30,"column":39}},"type":"if","locations":[{"start":{"line":29,"column":6},"end":{"line":30,"column":39}},{"start":{},"end":{}}],"line":29},"10":{"loc":{"start":{"line":29,"column":10},"end":{"line":29,"column":78}},"type":"binary-expr","locations":[{"start":{"line":29,"column":10},"end":{"line":29,"column":25}},{"start":{"line":29,"column":29},"end":{"line":29,"column":78}}],"line":29}},"s":{"0":1,"1":1,"2":1,"3":1,"4":1,"5":1,"6":5,"7":1,"8":0,"9":0,"10":0,"11":1,"12":1,"13":1,"14":1,"15":1,"16":1},"f":{"0":1,"1":5,"2":0,"3":1},"b":{"0":[1,1,1],"1":[1,0],"2":[1,0],"3":[1,0],"4":[1,1],"5":[0,1],"6":[1,0],"7":[0,0],"8":[1,1,1],"9":[1,0],"10":[1,1]},"inputSourceMap":null,"_coverageSchema":"1a1c01bbd47fc00a2c39e90264f33305004495a9","hash":"55d49f5628534da21e3a6dccfccdeaae1be08870"}
,"/workspaces/Salah-Slots/src/lambda/SalahSlotsCalendar/generateIcs/generateIcs.js": {"path":"/workspaces/Salah-Slots/src/lambda/SalahSlotsCalendar/generateIcs/generateIcs.js","statementMap":{"0":{"start":{"line":3,"column":2},"end":{"line":13,"column":3}},"1":{"start":{"line":5,"column":4},"end":{"line":11,"column":7}},"2":{"start":{"line":6,"column":6},"end":{"line":11,"column":7}},"3":{"start":{"line":6,"column":19},"end":{"line":6,"column":20}},"4":{"start":{"line":6,"column":26},"end":{"line":6,"column":37}},"5":{"start":{"line":7,"column":8},"end":{"line":10,"column":9}},"6":{"start":{"line":8,"column":10},"end":{"line":8,"column":63}},"7":{"start":{"line":8,"column":19},"end":{"line":8,"column":63}},"8":{"start":{"line":9,"column":10},"end":{"line":9,"column":26}},"9":{"start":{"line":12,"column":4},"end":{"line":12,"column":61}},"10":{"start":{"line":14,"column":0},"end":{"line":14,"column":62}},"11":{"start":{"line":15,"column":0},"end":{"line":15,"column":29}},"12":{"start":{"line":16,"column":10},"end":{"line":16,"column":24}},"13":{"start":{"line":17,"column":14},"end":{"line":17,"column":30}},"14":{"start":{"line":18,"column":18},"end":{"line":81,"column":1}},"15":{"start":{"line":19,"column":15},"end":{"line":78,"column":4}},"16":{"start":{"line":20,"column":14},"end":{"line":20,"column":20}},"17":{"start":{"line":21,"column":16},"end":{"line":21,"column":26}},"18":{"start":{"line":22,"column":31},"end":{"line":22,"column":56}},"19":{"start":{"line":23,"column":18},"end":{"line":23,"column":30}},"20":{"start":{"line":24,"column":4},"end":{"line":77,"column":9}},"21":{"start":{"line":26,"column":24},"end":{"line":26,"column":29}},"22":{"start":{"line":27,"column":17},"end":{"line":27,"column":22}},"23":{"start":{"line":28,"column":17},"end":{"line":28,"column":44}},"24":{"start":{"line":29,"column":17},"end":{"line":29,"column":22}},"25":{"start":{"line":30,"column":19},"end":{"line":30,"column":24}},"26":{"start":{"line":31,"column":8},"end":{"line":33,"column":9}},"27":{"start":{"line":32,"column":10},"end":{"line":32,"column":22}},"28":{"start":{"line":34,"column":19},"end":{"line":34,"column":29}},"29":{"start":{"line":36,"column":10},"end":{"line":39,"column":26}},"30":{"start":{"line":40,"column":20},"end":{"line":40,"column":74}},"31":{"start":{"line":41,"column":17},"end":{"line":50,"column":17}},"32":{"start":{"line":51,"column":8},"end":{"line":73,"column":10}},"33":{"start":{"line":76,"column":8},"end":{"line":76,"column":30}},"34":{"start":{"line":79,"column":14},"end":{"line":79,"column":69}},"35":{"start":{"line":80,"column":2},"end":{"line":80,"column":15}},"36":{"start":{"line":82,"column":0},"end":{"line":82,"column":34}}},"fnMap":{"0":{"name":"(anonymous_0)","decl":{"start":{"line":4,"column":2},"end":{"line":4,"column":3}},"loc":{"start":{"line":4,"column":28},"end":{"line":13,"column":3}},"line":4},"1":{"name":"(anonymous_1)","decl":{"start":{"line":18,"column":18},"end":{"line":18,"column":19}},"loc":{"start":{"line":18,"column":45},"end":{"line":81,"column":1}},"line":18},"2":{"name":"(anonymous_2)","decl":{"start":{"line":19,"column":33},"end":{"line":19,"column":34}},"loc":{"start":{"line":19,"column":47},"end":{"line":78,"column":3}},"line":19},"3":{"name":"(anonymous_3)","decl":{"start":{"line":25,"column":11},"end":{"line":25,"column":12}},"loc":{"start":{"line":25,"column":25},"end":{"line":74,"column":7}},"line":25},"4":{"name":"(anonymous_4)","decl":{"start":{"line":75,"column":14},"end":{"line":75,"column":15}},"loc":{"start":{"line":75,"column":31},"end":{"line":77,"column":7}},"line":75}},"branchMap":{"0":{"loc":{"start":{"line":3,"column":2},"end":{"line":13,"column":3}},"type":"binary-expr","locations":[{"start":{"line":3,"column":3},"end":{"line":3,"column":7}},{"start":{"line":3,"column":11},"end":{"line":3,"column":29}},{"start":{"line":4,"column":2},"end":{"line":13,"column":3}}],"line":3},"1":{"loc":{"start":{"line":5,"column":4},"end":{"line":11,"column":7}},"type":"if","locations":[{"start":{"line":5,"column":4},"end":{"line":11,"column":7}},{"start":{},"end":{}}],"line":5},"2":{"loc":{"start":{"line":5,"column":8},"end":{"line":5,"column":38}},"type":"binary-expr","locations":[{"start":{"line":5,"column":8},"end":{"line":5,"column":12}},{"start":{"line":5,"column":16},"end":{"line":5,"column":38}}],"line":5},"3":{"loc":{"start":{"line":7,"column":8},"end":{"line":10,"column":9}},"type":"if","locations":[{"start":{"line":7,"column":8},"end":{"line":10,"column":9}},{"start":{},"end":{}}],"line":7},"4":{"loc":{"start":{"line":7,"column":12},"end":{"line":7,"column":30}},"type":"binary-expr","locations":[{"start":{"line":7,"column":12},"end":{"line":7,"column":14}},{"start":{"line":7,"column":18},"end":{"line":7,"column":30}}],"line":7},"5":{"loc":{"start":{"line":8,"column":10},"end":{"line":8,"column":63}},"type":"if","locations":[{"start":{"line":8,"column":10},"end":{"line":8,"column":63}},{"start":{},"end":{}}],"line":8},"6":{"loc":{"start":{"line":12,"column":21},"end":{"line":12,"column":59}},"type":"binary-expr","locations":[{"start":{"line":12,"column":21},"end":{"line":12,"column":23}},{"start":{"line":12,"column":27},"end":{"line":12,"column":59}}],"line":12},"7":{"loc":{"start":{"line":31,"column":8},"end":{"line":33,"column":9}},"type":"if","locations":[{"start":{"line":31,"column":8},"end":{"line":33,"column":9}},{"start":{},"end":{}}],"line":31},"8":{"loc":{"start":{"line":31,"column":12},"end":{"line":31,"column":70}},"type":"binary-expr","locations":[{"start":{"line":31,"column":12},"end":{"line":31,"column":20}},{"start":{"line":31,"column":24},"end":{"line":31,"column":34}},{"start":{"line":31,"column":38},"end":{"line":31,"column":70}}],"line":31}},"s":{"0":1,"1":1,"2":1,"3":1,"4":1,"5":2,"6":0,"7":0,"8":0,"9":1,"10":1,"11":1,"12":1,"13":1,"14":1,"15":1,"16":1,"17":1,"18":1,"19":1,"20":1,"21":5,"22":5,"23":5,"24":5,"25":5,"26":5,"27":3,"28":2,"29":2,"30":2,"31":2,"32":2,"33":5,"34":1,"35":1,"36":1},"f":{"0":1,"1":1,"2":1,"3":5,"4":5},"b":{"0":[1,1,1],"1":[1,0],"2":[1,0],"3":[0,2],"4":[2,2],"5":[0,0],"6":[1,1],"7":[3,2],"8":[5,4,2]},"inputSourceMap":null,"_coverageSchema":"1a1c01bbd47fc00a2c39e90264f33305004495a9","hash":"4ed08aa3d2c2468b0e929280234bfd3cf48584f0"}
,"/workspaces/Salah-Slots/src/lambda/SalahSlotsCalendar/getPayloadConfig/getPayloadConfig.js": {"path":"/workspaces/Salah-Slots/src/lambda/SalahSlotsCalendar/getPayloadConfig/getPayloadConfig.js","statementMap":{"0":{"start":{"line":3,"column":2},"end":{"line":34,"column":3}},"1":{"start":{"line":6,"column":6},"end":{"line":10,"column":13}},"2":{"start":{"line":9,"column":12},"end":{"line":9,"column":27}},"3":{"start":{"line":12,"column":4},"end":{"line":33,"column":7}},"4":{"start":{"line":14,"column":8},"end":{"line":18,"column":9}},"5":{"start":{"line":15,"column":10},"end":{"line":15,"column":38}},"6":{"start":{"line":17,"column":10},"end":{"line":17,"column":20}},"7":{"start":{"line":21,"column":8},"end":{"line":25,"column":9}},"8":{"start":{"line":22,"column":10},"end":{"line":22,"column":42}},"9":{"start":{"line":24,"column":10},"end":{"line":24,"column":20}},"10":{"start":{"line":28,"column":8},"end":{"line":30,"column":58}},"11":{"start":{"line":32,"column":6},"end":{"line":32,"column":76}},"12":{"start":{"line":36,"column":2},"end":{"line":138,"column":3}},"13":{"start":{"line":38,"column":12},"end":{"line":46,"column":7}},"14":{"start":{"line":41,"column":10},"end":{"line":41,"column":35}},"15":{"start":{"line":41,"column":24},"end":{"line":41,"column":35}},"16":{"start":{"line":42,"column":10},"end":{"line":42,"column":22}},"17":{"start":{"line":50,"column":10},"end":{"line":52,"column":7}},"18":{"start":{"line":53,"column":4},"end":{"line":62,"column":6}},"19":{"start":{"line":59,"column":10},"end":{"line":59,"column":22}},"20":{"start":{"line":64,"column":6},"end":{"line":66,"column":8}},"21":{"start":{"line":65,"column":8},"end":{"line":65,"column":28}},"22":{"start":{"line":69,"column":6},"end":{"line":69,"column":68}},"23":{"start":{"line":69,"column":13},"end":{"line":69,"column":68}},"24":{"start":{"line":70,"column":6},"end":{"line":134,"column":9}},"25":{"start":{"line":71,"column":8},"end":{"line":134,"column":9}},"26":{"start":{"line":72,"column":10},"end":{"line":83,"column":21}},"27":{"start":{"line":83,"column":12},"end":{"line":83,"column":21}},"28":{"start":{"line":84,"column":10},"end":{"line":84,"column":54}},"29":{"start":{"line":84,"column":28},"end":{"line":84,"column":54}},"30":{"start":{"line":85,"column":10},"end":{"line":127,"column":11}},"31":{"start":{"line":88,"column":14},"end":{"line":88,"column":21}},"32":{"start":{"line":89,"column":14},"end":{"line":89,"column":20}},"33":{"start":{"line":91,"column":14},"end":{"line":91,"column":24}},"34":{"start":{"line":92,"column":14},"end":{"line":92,"column":51}},"35":{"start":{"line":94,"column":14},"end":{"line":94,"column":24}},"36":{"start":{"line":95,"column":14},"end":{"line":95,"column":24}},"37":{"start":{"line":96,"column":14},"end":{"line":96,"column":23}},"38":{"start":{"line":97,"column":14},"end":{"line":97,"column":23}},"39":{"start":{"line":99,"column":14},"end":{"line":99,"column":31}},"40":{"start":{"line":100,"column":14},"end":{"line":100,"column":27}},"41":{"start":{"line":101,"column":14},"end":{"line":101,"column":23}},"42":{"start":{"line":103,"column":14},"end":{"line":109,"column":15}},"43":{"start":{"line":107,"column":16},"end":{"line":107,"column":22}},"44":{"start":{"line":108,"column":16},"end":{"line":108,"column":25}},"45":{"start":{"line":110,"column":14},"end":{"line":113,"column":15}},"46":{"start":{"line":111,"column":16},"end":{"line":111,"column":32}},"47":{"start":{"line":112,"column":16},"end":{"line":112,"column":22}},"48":{"start":{"line":114,"column":14},"end":{"line":118,"column":15}},"49":{"start":{"line":115,"column":16},"end":{"line":115,"column":31}},"50":{"start":{"line":116,"column":16},"end":{"line":116,"column":23}},"51":{"start":{"line":117,"column":16},"end":{"line":117,"column":22}},"52":{"start":{"line":119,"column":14},"end":{"line":123,"column":15}},"53":{"start":{"line":120,"column":16},"end":{"line":120,"column":31}},"54":{"start":{"line":121,"column":16},"end":{"line":121,"column":31}},"55":{"start":{"line":122,"column":16},"end":{"line":122,"column":22}},"56":{"start":{"line":124,"column":14},"end":{"line":124,"column":36}},"57":{"start":{"line":124,"column":24},"end":{"line":124,"column":36}},"58":{"start":{"line":125,"column":14},"end":{"line":125,"column":27}},"59":{"start":{"line":126,"column":14},"end":{"line":126,"column":23}},"60":{"start":{"line":128,"column":10},"end":{"line":128,"column":37}},"61":{"start":{"line":130,"column":10},"end":{"line":130,"column":22}},"62":{"start":{"line":131,"column":10},"end":{"line":131,"column":16}},"63":{"start":{"line":133,"column":10},"end":{"line":133,"column":20}},"64":{"start":{"line":135,"column":6},"end":{"line":135,"column":33}},"65":{"start":{"line":135,"column":21},"end":{"line":135,"column":33}},"66":{"start":{"line":136,"column":6},"end":{"line":136,"column":59}},"67":{"start":{"line":139,"column":0},"end":{"line":139,"column":62}},"68":{"start":{"line":140,"column":0},"end":{"line":140,"column":34}},"69":{"start":{"line":141,"column":19},"end":{"line":141,"column":49}},"70":{"start":{"line":142,"column":23},"end":{"line":193,"column":1}},"71":{"start":{"line":143,"column":2},"end":{"line":192,"column":5}},"72":{"start":{"line":146,"column":4},"end":{"line":191,"column":7}},"73":{"start":{"line":147,"column":6},"end":{"line":190,"column":7}},"74":{"start":{"line":149,"column":10},"end":{"line":149,"column":36}},"75":{"start":{"line":150,"column":10},"end":{"line":150,"column":48}},"76":{"start":{"line":151,"column":10},"end":{"line":157,"column":12}},"77":{"start":{"line":158,"column":10},"end":{"line":158,"column":65}},"78":{"start":{"line":159,"column":10},"end":{"line":159,"column":53}},"79":{"start":{"line":161,"column":10},"end":{"line":161,"column":31}},"80":{"start":{"line":162,"column":10},"end":{"line":168,"column":11}},"81":{"start":{"line":167,"column":12},"end":{"line":167,"column":63}},"82":{"start":{"line":169,"column":10},"end":{"line":172,"column":28}},"83":{"start":{"line":173,"column":10},"end":{"line":176,"column":28}},"84":{"start":{"line":177,"column":10},"end":{"line":183,"column":12}},"85":{"start":{"line":185,"column":10},"end":{"line":185,"column":30}},"86":{"start":{"line":186,"column":10},"end":{"line":186,"column":33}},"87":{"start":{"line":187,"column":10},"end":{"line":187,"column":24}},"88":{"start":{"line":189,"column":10},"end":{"line":189,"column":32}},"89":{"start":{"line":194,"column":0},"end":{"line":194,"column":44}}},"fnMap":{"0":{"name":"(anonymous_0)","decl":{"start":{"line":4,"column":2},"end":{"line":4,"column":3}},"loc":{"start":{"line":4,"column":47},"end":{"line":34,"column":3}},"line":4},"1":{"name":"adopt","decl":{"start":{"line":5,"column":13},"end":{"line":5,"column":18}},"loc":{"start":{"line":5,"column":26},"end":{"line":11,"column":5}},"line":5},"2":{"name":"(anonymous_2)","decl":{"start":{"line":8,"column":16},"end":{"line":8,"column":17}},"loc":{"start":{"line":8,"column":35},"end":{"line":10,"column":11}},"line":8},"3":{"name":"(anonymous_3)","decl":{"start":{"line":12,"column":36},"end":{"line":12,"column":37}},"loc":{"start":{"line":12,"column":63},"end":{"line":33,"column":5}},"line":12},"4":{"name":"fulfilled","decl":{"start":{"line":13,"column":15},"end":{"line":13,"column":24}},"loc":{"start":{"line":13,"column":32},"end":{"line":19,"column":7}},"line":13},"5":{"name":"rejected","decl":{"start":{"line":20,"column":15},"end":{"line":20,"column":23}},"loc":{"start":{"line":20,"column":31},"end":{"line":26,"column":7}},"line":20},"6":{"name":"step","decl":{"start":{"line":27,"column":15},"end":{"line":27,"column":19}},"loc":{"start":{"line":27,"column":28},"end":{"line":31,"column":7}},"line":27},"7":{"name":"(anonymous_7)","decl":{"start":{"line":37,"column":2},"end":{"line":37,"column":3}},"loc":{"start":{"line":37,"column":27},"end":{"line":138,"column":3}},"line":37},"8":{"name":"(anonymous_8)","decl":{"start":{"line":40,"column":14},"end":{"line":40,"column":15}},"loc":{"start":{"line":40,"column":26},"end":{"line":43,"column":9}},"line":40},"9":{"name":"(anonymous_9)","decl":{"start":{"line":58,"column":30},"end":{"line":58,"column":31}},"loc":{"start":{"line":58,"column":42},"end":{"line":60,"column":9}},"line":58},"10":{"name":"verb","decl":{"start":{"line":63,"column":13},"end":{"line":63,"column":17}},"loc":{"start":{"line":63,"column":21},"end":{"line":67,"column":5}},"line":63},"11":{"name":"(anonymous_11)","decl":{"start":{"line":64,"column":13},"end":{"line":64,"column":14}},"loc":{"start":{"line":64,"column":26},"end":{"line":66,"column":7}},"line":64},"12":{"name":"step","decl":{"start":{"line":68,"column":13},"end":{"line":68,"column":17}},"loc":{"start":{"line":68,"column":22},"end":{"line":137,"column":5}},"line":68},"13":{"name":"(anonymous_13)","decl":{"start":{"line":142,"column":23},"end":{"line":142,"column":24}},"loc":{"start":{"line":142,"column":35},"end":{"line":193,"column":1}},"line":142},"14":{"name":"(anonymous_14)","decl":{"start":{"line":143,"column":43},"end":{"line":143,"column":44}},"loc":{"start":{"line":143,"column":55},"end":{"line":192,"column":3}},"line":143},"15":{"name":"(anonymous_15)","decl":{"start":{"line":146,"column":29},"end":{"line":146,"column":30}},"loc":{"start":{"line":146,"column":43},"end":{"line":191,"column":5}},"line":146}},"branchMap":{"0":{"loc":{"start":{"line":3,"column":2},"end":{"line":34,"column":3}},"type":"binary-expr","locations":[{"start":{"line":3,"column":3},"end":{"line":3,"column":7}},{"start":{"line":3,"column":11},"end":{"line":3,"column":25}},{"start":{"line":4,"column":2},"end":{"line":34,"column":3}}],"line":3},"1":{"loc":{"start":{"line":6,"column":13},"end":{"line":10,"column":12}},"type":"cond-expr","locations":[{"start":{"line":7,"column":10},"end":{"line":7,"column":15}},{"start":{"line":8,"column":10},"end":{"line":10,"column":12}}],"line":6},"2":{"loc":{"start":{"line":12,"column":16},"end":{"line":12,"column":34}},"type":"binary-expr","locations":[{"start":{"line":12,"column":16},"end":{"line":12,"column":17}},{"start":{"line":12,"column":22},"end":{"line":12,"column":33}}],"line":12},"3":{"loc":{"start":{"line":28,"column":8},"end":{"line":30,"column":57}},"type":"cond-expr","locations":[{"start":{"line":29,"column":12},"end":{"line":29,"column":33}},{"start":{"line":30,"column":12},"end":{"line":30,"column":57}}],"line":28},"4":{"loc":{"start":{"line":32,"column":49},"end":{"line":32,"column":65}},"type":"binary-expr","locations":[{"start":{"line":32,"column":49},"end":{"line":32,"column":59}},{"start":{"line":32,"column":63},"end":{"line":32,"column":65}}],"line":32},"5":{"loc":{"start":{"line":36,"column":2},"end":{"line":138,"column":3}},"type":"binary-expr","locations":[{"start":{"line":36,"column":3},"end":{"line":36,"column":7}},{"start":{"line":36,"column":11},"end":{"line":36,"column":27}},{"start":{"line":37,"column":2},"end":{"line":138,"column":3}}],"line":36},"6":{"loc":{"start":{"line":41,"column":10},"end":{"line":41,"column":35}},"type":"if","locations":[{"start":{"line":41,"column":10},"end":{"line":41,"column":35}},{"start":{},"end":{}}],"line":41},"7":{"loc":{"start":{"line":51,"column":9},"end":{"line":51,"column":59}},"type":"cond-expr","locations":[{"start":{"line":51,"column":42},"end":{"line":51,"column":50}},{"start":{"line":51,"column":53},"end":{"line":51,"column":59}}],"line":51},"8":{"loc":{"start":{"line":57,"column":6},"end":{"line":60,"column":10}},"type":"binary-expr","locations":[{"start":{"line":57,"column":6},"end":{"line":57,"column":34}},{"start":{"line":58,"column":9},"end":{"line":60,"column":9}}],"line":57},"9":{"loc":{"start":{"line":69,"column":6},"end":{"line":69,"column":68}},"type":"if","locations":[{"start":{"line":69,"column":6},"end":{"line":69,"column":68}},{"start":{},"end":{}}],"line":69},"10":{"loc":{"start":{"line":70,"column":14},"end":{"line":70,"column":46}},"type":"binary-expr","locations":[{"start":{"line":70,"column":14},"end":{"line":70,"column":15}},{"start":{"line":70,"column":20},"end":{"line":70,"column":45}}],"line":70},"11":{"loc":{"start":{"line":70,"column":29},"end":{"line":70,"column":45}},"type":"binary-expr","locations":[{"start":{"line":70,"column":29},"end":{"line":70,"column":34}},{"start":{"line":70,"column":39},"end":{"line":70,"column":44}}],"line":70},"12":{"loc":{"start":{"line":72,"column":10},"end":{"line":83,"column":21}},"type":"if","locations":[{"start":{"line":72,"column":10},"end":{"line":83,"column":21}},{"start":{},"end":{}}],"line":72},"13":{"loc":{"start":{"line":74,"column":12},"end":{"line":81,"column":42}},"type":"binary-expr","locations":[{"start":{"line":74,"column":12},"end":{"line":74,"column":13}},{"start":{"line":75,"column":15},"end":{"line":80,"column":28}},{"start":{"line":81,"column":14},"end":{"line":81,"column":42}}],"line":74},"14":{"loc":{"start":{"line":76,"column":16},"end":{"line":80,"column":28}},"type":"cond-expr","locations":[{"start":{"line":77,"column":20},"end":{"line":77,"column":31}},{"start":{"line":78,"column":20},"end":{"line":80,"column":28}}],"line":76},"15":{"loc":{"start":{"line":78,"column":20},"end":{"line":80,"column":28}},"type":"cond-expr","locations":[{"start":{"line":79,"column":22},"end":{"line":79,"column":71}},{"start":{"line":80,"column":22},"end":{"line":80,"column":28}}],"line":78},"16":{"loc":{"start":{"line":79,"column":22},"end":{"line":79,"column":71}},"type":"binary-expr","locations":[{"start":{"line":79,"column":22},"end":{"line":79,"column":32}},{"start":{"line":79,"column":37},"end":{"line":79,"column":70}}],"line":79},"17":{"loc":{"start":{"line":79,"column":37},"end":{"line":79,"column":67}},"type":"binary-expr","locations":[{"start":{"line":79,"column":38},"end":{"line":79,"column":53}},{"start":{"line":79,"column":58},"end":{"line":79,"column":67}}],"line":79},"18":{"loc":{"start":{"line":84,"column":10},"end":{"line":84,"column":54}},"type":"if","locations":[{"start":{"line":84,"column":10},"end":{"line":84,"column":54}},{"start":{},"end":{}}],"line":84},"19":{"loc":{"start":{"line":85,"column":10},"end":{"line":127,"column":11}},"type":"switch","locations":[{"start":{"line":86,"column":12},"end":{"line":86,"column":19}},{"start":{"line":87,"column":12},"end":{"line":89,"column":20}},{"start":{"line":90,"column":12},"end":{"line":92,"column":51}},{"start":{"line":93,"column":12},"end":{"line":97,"column":23}},{"start":{"line":98,"column":12},"end":{"line":101,"column":23}},{"start":{"line":102,"column":12},"end":{"line":126,"column":23}}],"line":85},"20":{"loc":{"start":{"line":103,"column":14},"end":{"line":109,"column":15}},"type":"if","locations":[{"start":{"line":103,"column":14},"end":{"line":109,"column":15}},{"start":{},"end":{}}],"line":103},"21":{"loc":{"start":{"line":104,"column":16},"end":{"line":105,"column":44}},"type":"binary-expr","locations":[{"start":{"line":104,"column":16},"end":{"line":104,"column":70}},{"start":{"line":105,"column":17},"end":{"line":105,"column":28}},{"start":{"line":105,"column":32},"end":{"line":105,"column":43}}],"line":104},"22":{"loc":{"start":{"line":104,"column":37},"end":{"line":104,"column":68}},"type":"binary-expr","locations":[{"start":{"line":104,"column":37},"end":{"line":104,"column":49}},{"start":{"line":104,"column":53},"end":{"line":104,"column":68}}],"line":104},"23":{"loc":{"start":{"line":110,"column":14},"end":{"line":113,"column":15}},"type":"if","locations":[{"start":{"line":110,"column":14},"end":{"line":113,"column":15}},{"start":{},"end":{}}],"line":110},"24":{"loc":{"start":{"line":110,"column":18},"end":{"line":110,"column":71}},"type":"binary-expr","locations":[{"start":{"line":110,"column":18},"end":{"line":110,"column":29}},{"start":{"line":110,"column":34},"end":{"line":110,"column":36}},{"start":{"line":110,"column":41},"end":{"line":110,"column":53}},{"start":{"line":110,"column":57},"end":{"line":110,"column":69}}],"line":110},"25":{"loc":{"start":{"line":114,"column":14},"end":{"line":118,"column":15}},"type":"if","locations":[{"start":{"line":114,"column":14},"end":{"line":118,"column":15}},{"start":{},"end":{}}],"line":114},"26":{"loc":{"start":{"line":114,"column":18},"end":{"line":114,"column":47}},"type":"binary-expr","locations":[{"start":{"line":114,"column":18},"end":{"line":114,"column":29}},{"start":{"line":114,"column":33},"end":{"line":114,"column":47}}],"line":114},"27":{"loc":{"start":{"line":119,"column":14},"end":{"line":123,"column":15}},"type":"if","locations":[{"start":{"line":119,"column":14},"end":{"line":123,"column":15}},{"start":{},"end":{}}],"line":119},"28":{"loc":{"start":{"line":119,"column":18},"end":{"line":119,"column":37}},"type":"binary-expr","locations":[{"start":{"line":119,"column":18},"end":{"line":119,"column":19}},{"start":{"line":119,"column":23},"end":{"line":119,"column":37}}],"line":119},"29":{"loc":{"start":{"line":124,"column":14},"end":{"line":124,"column":36}},"type":"if","locations":[{"start":{"line":124,"column":14},"end":{"line":124,"column":36}},{"start":{},"end":{}}],"line":124},"30":{"loc":{"start":{"line":135,"column":6},"end":{"line":135,"column":33}},"type":"if","locations":[{"start":{"line":135,"column":6},"end":{"line":135,"column":33}},{"start":{},"end":{}}],"line":135},"31":{"loc":{"start":{"line":136,"column":22},"end":{"line":136,"column":44}},"type":"cond-expr","locations":[{"start":{"line":136,"column":30},"end":{"line":136,"column":35}},{"start":{"line":136,"column":38},"end":{"line":136,"column":44}}],"line":136},"32":{"loc":{"start":{"line":147,"column":6},"end":{"line":190,"column":7}},"type":"switch","locations":[{"start":{"line":148,"column":8},"end":{"line":159,"column":53}},{"start":{"line":160,"column":8},"end":{"line":183,"column":12}},{"start":{"line":184,"column":8},"end":{"line":187,"column":24}},{"start":{"line":188,"column":8},"end":{"line":189,"column":32}}],"line":147},"33":{"loc":{"start":{"line":162,"column":10},"end":{"line":168,"column":11}},"type":"if","locations":[{"start":{"line":162,"column":10},"end":{"line":168,"column":11}},{"start":{},"end":{}}],"line":162},"34":{"loc":{"start":{"line":163,"column":13},"end":{"line":165,"column":25}},"type":"cond-expr","locations":[{"start":{"line":164,"column":16},"end":{"line":164,"column":22}},{"start":{"line":165,"column":16},"end":{"line":165,"column":25}}],"line":163},"35":{"loc":{"start":{"line":163,"column":13},"end":{"line":163,"column":65}},"type":"binary-expr","locations":[{"start":{"line":163,"column":13},"end":{"line":163,"column":48}},{"start":{"line":163,"column":52},"end":{"line":163,"column":65}}],"line":163},"36":{"loc":{"start":{"line":170,"column":12},"end":{"line":172,"column":27}},"type":"cond-expr","locations":[{"start":{"line":171,"column":16},"end":{"line":171,"column":22}},{"start":{"line":172,"column":16},"end":{"line":172,"column":27}}],"line":170},"37":{"loc":{"start":{"line":170,"column":12},"end":{"line":170,"column":64}},"type":"binary-expr","locations":[{"start":{"line":170,"column":12},"end":{"line":170,"column":47}},{"start":{"line":170,"column":51},"end":{"line":170,"column":64}}],"line":170},"38":{"loc":{"start":{"line":174,"column":12},"end":{"line":176,"column":27}},"type":"cond-expr","locations":[{"start":{"line":175,"column":16},"end":{"line":175,"column":22}},{"start":{"line":176,"column":16},"end":{"line":176,"column":27}}],"line":174},"39":{"loc":{"start":{"line":174,"column":12},"end":{"line":174,"column":64}},"type":"binary-expr","locations":[{"start":{"line":174,"column":12},"end":{"line":174,"column":47}},{"start":{"line":174,"column":51},"end":{"line":174,"column":64}}],"line":174}},"s":{"0":1,"1":1,"2":0,"3":1,"4":1,"5":1,"6":0,"7":0,"8":0,"9":0,"10":2,"11":1,"12":1,"13":1,"14":1,"15":0,"16":1,"17":1,"18":1,"19":0,"20":3,"21":2,"22":2,"23":0,"24":2,"25":5,"26":5,"27":0,"28":5,"29":0,"30":5,"31":2,"32":2,"33":1,"34":1,"35":0,"36":0,"37":0,"38":0,"39":0,"40":0,"41":0,"42":2,"43":1,"44":1,"45":1,"46":0,"47":0,"48":1,"49":0,"50":0,"51":0,"52":1,"53":0,"54":0,"55":0,"56":1,"57":0,"58":1,"59":1,"60":2,"61":0,"62":0,"63":5,"64":1,"65":0,"66":1,"67":1,"68":1,"69":1,"70":1,"71":1,"72":1,"73":2,"74":1,"75":1,"76":1,"77":1,"78":1,"79":1,"80":1,"81":0,"82":1,"83":1,"84":1,"85":0,"86":0,"87":0,"88":0,"89":1},"f":{"0":1,"1":1,"2":0,"3":1,"4":1,"5":0,"6":2,"7":1,"8":1,"9":0,"10":3,"11":2,"12":2,"13":1,"14":1,"15":2},"b":{"0":[1,1,1],"1":[1,0],"2":[1,1],"3":[1,1],"4":[1,1],"5":[1,1,1],"6":[0,1],"7":[0,1],"8":[1,1],"9":[0,2],"10":[6,1],"11":[1,0],"12":[0,5],"13":[5,0,0],"14":[0,0],"15":[0,0],"16":[0,0],"17":[0,0],"18":[0,5],"19":[2,2,1,0,0,2],"20":[1,1],"21":[2,1,1],"22":[2,1],"23":[0,1],"24":[1,0,0,0],"25":[0,1],"26":[1,0],"27":[0,1],"28":[1,1],"29":[0,1],"30":[0,1],"31":[1,0],"32":[1,1,0,0],"33":[0,1],"34":[0,1],"35":[1,1],"36":[0,1],"37":[1,1],"38":[0,1],"39":[1,1]},"inputSourceMap":null,"_coverageSchema":"1a1c01bbd47fc00a2c39e90264f33305004495a9","hash":"68acfe94c0dec7be4ee34964a84b765cedef04f9"}
,"/workspaces/Salah-Slots/src/lambda/SalahSlotsCalendar/parseSalahTime/parseSalahTime.js": {"path":"/workspaces/Salah-Slots/src/lambda/SalahSlotsCalendar/parseSalahTime/parseSalahTime.js","statementMap":{"0":{"start":{"line":2,"column":0},"end":{"line":2,"column":62}},"1":{"start":{"line":3,"column":0},"end":{"line":3,"column":32}},"2":{"start":{"line":4,"column":14},"end":{"line":4,"column":30}},"3":{"start":{"line":5,"column":19},"end":{"line":5,"column":43}},"4":{"start":{"line":6,"column":21},"end":{"line":47,"column":1}},"5":{"start":{"line":8,"column":23},"end":{"line":8,"column":25}},"6":{"start":{"line":9,"column":12},"end":{"line":9,"column":35}},"7":{"start":{"line":10,"column":12},"end":{"line":10,"column":31}},"8":{"start":{"line":11,"column":13},"end":{"line":11,"column":45}},"9":{"start":{"line":12,"column":14},"end":{"line":12,"column":16}},"10":{"start":{"line":14,"column":4},"end":{"line":16,"column":33}},"11":{"start":{"line":17,"column":2},"end":{"line":19,"column":3}},"12":{"start":{"line":18,"column":4},"end":{"line":18,"column":48}},"13":{"start":{"line":20,"column":2},"end":{"line":45,"column":5}},"14":{"start":{"line":21,"column":4},"end":{"line":23,"column":5}},"15":{"start":{"line":22,"column":6},"end":{"line":22,"column":13}},"16":{"start":{"line":24,"column":16},"end":{"line":24,"column":42}},"17":{"start":{"line":25,"column":4},"end":{"line":27,"column":5}},"18":{"start":{"line":26,"column":6},"end":{"line":26,"column":13}},"19":{"start":{"line":28,"column":4},"end":{"line":44,"column":7}},"20":{"start":{"line":46,"column":2},"end":{"line":46,"column":24}},"21":{"start":{"line":48,"column":0},"end":{"line":48,"column":40}}},"fnMap":{"0":{"name":"(anonymous_0)","decl":{"start":{"line":6,"column":21},"end":{"line":6,"column":22}},"loc":{"start":{"line":6,"column":37},"end":{"line":47,"column":1}},"line":6},"1":{"name":"(anonymous_1)","decl":{"start":{"line":20,"column":15},"end":{"line":20,"column":16}},"loc":{"start":{"line":20,"column":37},"end":{"line":45,"column":3}},"line":20}},"branchMap":{"0":{"loc":{"start":{"line":14,"column":4},"end":{"line":16,"column":33}},"type":"cond-expr","locations":[{"start":{"line":15,"column":8},"end":{"line":15,"column":14}},{"start":{"line":16,"column":8},"end":{"line":16,"column":33}}],"line":14},"1":{"loc":{"start":{"line":14,"column":4},"end":{"line":14,"column":44}},"type":"binary-expr","locations":[{"start":{"line":14,"column":4},"end":{"line":14,"column":27}},{"start":{"line":14,"column":31},"end":{"line":14,"column":44}}],"line":14},"2":{"loc":{"start":{"line":17,"column":2},"end":{"line":19,"column":3}},"type":"if","locations":[{"start":{"line":17,"column":2},"end":{"line":19,"column":3}},{"start":{},"end":{}}],"line":17},"3":{"loc":{"start":{"line":17,"column":6},"end":{"line":17,"column":47}},"type":"binary-expr","locations":[{"start":{"line":17,"column":6},"end":{"line":17,"column":19}},{"start":{"line":17,"column":23},"end":{"line":17,"column":47}}],"line":17},"4":{"loc":{"start":{"line":21,"column":4},"end":{"line":23,"column":5}},"type":"if","locations":[{"start":{"line":21,"column":4},"end":{"line":23,"column":5}},{"start":{},"end":{}}],"line":21},"5":{"loc":{"start":{"line":21,"column":8},"end":{"line":21,"column":34}},"type":"binary-expr","locations":[{"start":{"line":21,"column":8},"end":{"line":21,"column":19}},{"start":{"line":21,"column":23},"end":{"line":21,"column":34}}],"line":21},"6":{"loc":{"start":{"line":25,"column":4},"end":{"line":27,"column":5}},"type":"if","locations":[{"start":{"line":25,"column":4},"end":{"line":27,"column":5}},{"start":{},"end":{}}],"line":25}},"s":{"0":1,"1":1,"2":1,"3":1,"4":1,"5":1,"6":1,"7":1,"8":1,"9":1,"10":1,"11":1,"12":1,"13":1,"14":3,"15":2,"16":1,"17":1,"18":0,"19":1,"20":1,"21":1},"f":{"0":1,"1":3},"b":{"0":[0,1],"1":[1,1],"2":[1,0],"3":[1,1],"4":[2,1],"5":[3,2],"6":[0,1]},"inputSourceMap":null,"_coverageSchema":"1a1c01bbd47fc00a2c39e90264f33305004495a9","hash":"7291992f66a2b9427f9823b83e72f6eeaa9c071b"}
}
