TN:
SF:formatTime/formatTime.js
FN:4,(anonymous_0)
FNF:1
FNH:1
FNDA:9,(anonymous_0)
DA:2,2
DA:3,2
DA:4,2
DA:5,9
DA:6,6
DA:8,9
DA:9,2
DA:11,7
DA:12,7
DA:13,7
DA:14,7
DA:15,7
DA:16,7
DA:18,7
DA:20,2
LF:15
LH:15
BRDA:5,0,0,6
BRDA:5,0,1,3
BRDA:8,1,0,2
BRDA:8,1,1,7
BRDA:14,2,0,2
BRDA:14,2,1,5
BRDA:15,3,0,7
BRDA:15,3,1,0
BRF:8
BRH:7
end_of_record
TN:
SF:formatTime/index.js
FN:5,(anonymous_0)
FN:14,(anonymous_1)
FN:21,(anonymous_2)
FN:27,(anonymous_3)
FNF:4
FNH:3
FNDA:1,(anonymous_0)
FNDA:5,(anonymous_1)
FNDA:0,(anonymous_2)
FNDA:1,(anonymous_3)
DA:3,1
DA:6,1
DA:7,1
DA:8,1
DA:12,1
DA:15,5
DA:19,1
DA:22,0
DA:23,0
DA:26,1
DA:28,1
DA:29,1
DA:30,1
DA:32,1
DA:33,1
LF:15
LH:13
BRDA:3,0,0,1
BRDA:3,0,1,1
BRDA:3,0,2,1
BRDA:4,1,0,1
BRDA:4,1,1,0
BRDA:6,2,0,1
BRDA:6,2,1,0
BRDA:8,3,0,1
BRDA:8,3,1,0
BRDA:9,4,0,1
BRDA:9,4,1,1
BRDA:10,5,0,0
BRDA:10,5,1,1
BRDA:10,6,0,1
BRDA:10,6,1,0
BRDA:22,7,0,0
BRDA:22,7,1,0
BRDA:26,8,0,1
BRDA:26,8,1,1
BRDA:26,8,2,1
BRDA:29,9,0,1
BRDA:29,9,1,0
BRDA:29,10,0,1
BRDA:29,10,1,1
BRF:24
BRH:16
end_of_record
TN:
SF:generateIcs/generateIcs.js
FN:4,(anonymous_0)
FN:18,(anonymous_1)
FN:19,(anonymous_2)
FN:25,(anonymous_3)
FN:75,(anonymous_4)
FNF:5
FNH:5
FNDA:1,(anonymous_0)
FNDA:1,(anonymous_1)
FNDA:1,(anonymous_2)
FNDA:5,(anonymous_3)
FNDA:5,(anonymous_4)
DA:3,1
DA:5,1
DA:6,1
DA:7,2
DA:8,0
DA:9,0
DA:12,1
DA:14,1
DA:15,1
DA:16,1
DA:17,1
DA:18,1
DA:19,1
DA:20,1
DA:21,1
DA:22,1
DA:23,1
DA:24,1
DA:26,5
DA:27,5
DA:28,5
DA:29,5
DA:30,5
DA:31,5
DA:32,3
DA:34,2
DA:36,2
DA:40,2
DA:41,2
DA:51,2
DA:76,5
DA:79,1
DA:80,1
DA:82,1
LF:34
LH:32
BRDA:3,0,0,1
BRDA:3,0,1,1
BRDA:3,0,2,1
BRDA:5,1,0,1
BRDA:5,1,1,0
BRDA:5,2,0,1
BRDA:5,2,1,0
BRDA:7,3,0,0
BRDA:7,3,1,2
BRDA:7,4,0,2
BRDA:7,4,1,2
BRDA:8,5,0,0
BRDA:8,5,1,0
BRDA:12,6,0,1
BRDA:12,6,1,1
BRDA:31,7,0,3
BRDA:31,7,1,2
BRDA:31,8,0,5
BRDA:31,8,1,4
BRDA:31,8,2,2
BRF:20
BRH:15
end_of_record
TN:
SF:getPayloadConfig/getPayloadConfig.js
FN:4,(anonymous_0)
FN:5,adopt
FN:8,(anonymous_2)
FN:12,(anonymous_3)
FN:13,fulfilled
FN:20,rejected
FN:27,step
FN:37,(anonymous_7)
FN:40,(anonymous_8)
FN:58,(anonymous_9)
FN:63,verb
FN:64,(anonymous_11)
FN:68,step
FN:142,(anonymous_13)
FN:143,(anonymous_14)
FN:146,(anonymous_15)
FNF:16
FNH:13
FNDA:1,(anonymous_0)
FNDA:1,adopt
FNDA:0,(anonymous_2)
FNDA:1,(anonymous_3)
FNDA:1,fulfilled
FNDA:0,rejected
FNDA:2,step
FNDA:1,(anonymous_7)
FNDA:1,(anonymous_8)
FNDA:0,(anonymous_9)
FNDA:3,verb
FNDA:2,(anonymous_11)
FNDA:2,step
FNDA:1,(anonymous_13)
FNDA:1,(anonymous_14)
FNDA:2,(anonymous_15)
DA:3,1
DA:6,1
DA:9,0
DA:12,1
DA:14,1
DA:15,1
DA:17,0
DA:21,0
DA:22,0
DA:24,0
DA:28,2
DA:32,1
DA:36,1
DA:38,1
DA:41,1
DA:42,1
DA:50,1
DA:53,1
DA:59,0
DA:64,3
DA:65,2
DA:69,2
DA:70,2
DA:71,5
DA:72,5
DA:83,0
DA:84,5
DA:85,5
DA:88,2
DA:89,2
DA:91,1
DA:92,1
DA:94,0
DA:95,0
DA:96,0
DA:97,0
DA:99,0
DA:100,0
DA:101,0
DA:103,2
DA:107,1
DA:108,1
DA:110,1
DA:111,0
DA:112,0
DA:114,1
DA:115,0
DA:116,0
DA:117,0
DA:119,1
DA:120,0
DA:121,0
DA:122,0
DA:124,1
DA:125,1
DA:126,1
DA:128,2
DA:130,0
DA:131,0
DA:133,5
DA:135,1
DA:136,1
DA:139,1
DA:140,1
DA:141,1
DA:142,1
DA:143,1
DA:146,1
DA:147,2
DA:149,1
DA:150,1
DA:151,1
DA:158,1
DA:159,1
DA:161,1
DA:162,1
DA:167,0
DA:169,1
DA:173,1
DA:177,1
DA:185,0
DA:186,0
DA:187,0
DA:189,0
DA:194,1
LF:85
LH:56
BRDA:3,0,0,1
BRDA:3,0,1,1
BRDA:3,0,2,1
BRDA:6,1,0,1
BRDA:6,1,1,0
BRDA:12,2,0,1
BRDA:12,2,1,1
BRDA:28,3,0,1
BRDA:28,3,1,1
BRDA:32,4,0,1
BRDA:32,4,1,1
BRDA:36,5,0,1
BRDA:36,5,1,1
BRDA:36,5,2,1
BRDA:41,6,0,0
BRDA:41,6,1,1
BRDA:51,7,0,0
BRDA:51,7,1,1
BRDA:57,8,0,1
BRDA:57,8,1,1
BRDA:69,9,0,0
BRDA:69,9,1,2
BRDA:70,10,0,6
BRDA:70,10,1,1
BRDA:70,11,0,1
BRDA:70,11,1,0
BRDA:72,12,0,0
BRDA:72,12,1,5
BRDA:74,13,0,5
BRDA:74,13,1,0
BRDA:74,13,2,0
BRDA:76,14,0,0
BRDA:76,14,1,0
BRDA:78,15,0,0
BRDA:78,15,1,0
BRDA:79,16,0,0
BRDA:79,16,1,0
BRDA:79,17,0,0
BRDA:79,17,1,0
BRDA:84,18,0,0
BRDA:84,18,1,5
BRDA:85,19,0,2
BRDA:85,19,1,2
BRDA:85,19,2,1
BRDA:85,19,3,0
BRDA:85,19,4,0
BRDA:85,19,5,2
BRDA:103,20,0,1
BRDA:103,20,1,1
BRDA:104,21,0,2
BRDA:104,21,1,1
BRDA:104,21,2,1
BRDA:104,22,0,2
BRDA:104,22,1,1
BRDA:110,23,0,0
BRDA:110,23,1,1
BRDA:110,24,0,1
BRDA:110,24,1,0
BRDA:110,24,2,0
BRDA:110,24,3,0
BRDA:114,25,0,0
BRDA:114,25,1,1
BRDA:114,26,0,1
BRDA:114,26,1,0
BRDA:119,27,0,0
BRDA:119,27,1,1
BRDA:119,28,0,1
BRDA:119,28,1,1
BRDA:124,29,0,0
BRDA:124,29,1,1
BRDA:135,30,0,0
BRDA:135,30,1,1
BRDA:136,31,0,1
BRDA:136,31,1,0
BRDA:147,32,0,1
BRDA:147,32,1,1
BRDA:147,32,2,0
BRDA:147,32,3,0
BRDA:162,33,0,0
BRDA:162,33,1,1
BRDA:163,34,0,0
BRDA:163,34,1,1
BRDA:163,35,0,1
BRDA:163,35,1,1
BRDA:170,36,0,0
BRDA:170,36,1,1
BRDA:170,37,0,1
BRDA:170,37,1,1
BRDA:174,38,0,0
BRDA:174,38,1,1
BRDA:174,39,0,1
BRDA:174,39,1,1
BRF:92
BRH:57
end_of_record
TN:
SF:parseSalahTime/parseSalahTime.js
FN:6,(anonymous_0)
FN:20,(anonymous_1)
FNF:2
FNH:2
FNDA:1,(anonymous_0)
FNDA:3,(anonymous_1)
DA:2,1
DA:3,1
DA:4,1
DA:5,1
DA:6,1
DA:8,1
DA:9,1
DA:10,1
DA:11,1
DA:12,1
DA:14,1
DA:17,1
DA:18,1
DA:20,1
DA:21,3
DA:22,2
DA:24,1
DA:25,1
DA:26,0
DA:28,1
DA:46,1
DA:48,1
LF:22
LH:21
BRDA:14,0,0,0
BRDA:14,0,1,1
BRDA:14,1,0,1
BRDA:14,1,1,1
BRDA:17,2,0,1
BRDA:17,2,1,0
BRDA:17,3,0,1
BRDA:17,3,1,1
BRDA:21,4,0,2
BRDA:21,4,1,1
BRDA:21,5,0,3
BRDA:21,5,1,2
BRDA:25,6,0,0
BRDA:25,6,1,1
BRF:14
BRH:11
end_of_record
